{"/Users/rinwaodejobi/Downloads/revenue-dashboard-1/src/components/Button/Button.tsx": {"path":"/Users/rinwaodejobi/Downloads/revenue-dashboard-1/src/components/Button/Button.tsx","statementMap":{"0":{"start":{"line":1,"column":0},"end":{"line":1,"column":25}},"1":{"start":{"line":2,"column":0},"end":{"line":2,"column":60}},"2":{"start":{"line":3,"column":0},"end":{"line":3,"column":56}},"3":{"start":{"line":4,"column":0},"end":{"line":4,"column":40}},"4":{"start":{"line":13,"column":13},"end":{"line":45,"column":null}},"5":{"start":{"line":15,"column":4},"end":{"line":43,"column":null}},"6":{"start":{"line":47,"column":0},"end":{"line":47,"column":null}}},"fnMap":{"0":{"name":"(anonymous_1)","decl":{"start":{"line":14,"column":2},"end":{"line":14,"column":3}},"loc":{"start":{"line":14,"column":85},"end":{"line":44,"column":3}}}},"branchMap":{"0":{"loc":{"start":{"line":14,"column":5},"end":{"line":14,"column":24}},"type":"default-arg","locations":[{"start":{"line":14,"column":15},"end":{"line":14,"column":24}}]},"1":{"loc":{"start":{"line":14,"column":26},"end":{"line":14,"column":37}},"type":"default-arg","locations":[{"start":{"line":14,"column":33},"end":{"line":14,"column":37}}]},"2":{"loc":{"start":{"line":14,"column":39},"end":{"line":14,"column":54}},"type":"default-arg","locations":[{"start":{"line":14,"column":49},"end":{"line":14,"column":54}}]},"3":{"loc":{"start":{"line":27,"column":18},"end":{"line":27,"column":43}},"type":"binary-expr","locations":[{"start":{"line":27,"column":18},"end":{"line":27,"column":25}},{"start":{"line":27,"column":29},"end":{"line":27,"column":43}}]},"4":{"loc":{"start":{"line":30,"column":9},"end":{"line":40,"column":null}},"type":"cond-expr","locations":[{"start":{"line":31,"column":10},"end":{"line":37,"column":null}},{"start":{"line":40,"column":10},"end":{"line":40,"column":18}}]}},"s":{"0":1,"1":1,"2":1,"3":1,"4":1,"5":4,"6":1},"f":{"0":4},"b":{"0":[3],"1":[4],"2":[4],"3":[4,4],"4":[0,4]}}
,"/Users/rinwaodejobi/Downloads/revenue-dashboard-1/src/components/Card/Card.tsx": {"path":"/Users/rinwaodejobi/Downloads/revenue-dashboard-1/src/components/Card/Card.tsx","statementMap":{"0":{"start":{"line":1,"column":0},"end":{"line":1,"column":25}},"1":{"start":{"line":2,"column":0},"end":{"line":2,"column":38}},"2":{"start":{"line":10,"column":13},"end":{"line":18,"column":null}},"3":{"start":{"line":12,"column":4},"end":{"line":15,"column":null}},"4":{"start":{"line":20,"column":0},"end":{"line":20,"column":null}}},"fnMap":{"0":{"name":"(anonymous_1)","decl":{"start":{"line":11,"column":2},"end":{"line":11,"column":3}},"loc":{"start":{"line":12,"column":4},"end":{"line":15,"column":null}}}},"branchMap":{"0":{"loc":{"start":{"line":13,"column":7},"end":{"line":13,"column":57}},"type":"binary-expr","locations":[{"start":{"line":13,"column":7},"end":{"line":13,"column":12}},{"start":{"line":13,"column":16},"end":{"line":13,"column":57}}]},"1":{"loc":{"start":{"line":14,"column":7},"end":{"line":14,"column":73}},"type":"binary-expr","locations":[{"start":{"line":14,"column":7},"end":{"line":14,"column":18}},{"start":{"line":14,"column":22},"end":{"line":14,"column":73}}]}},"s":{"0":1,"1":1,"2":1,"3":2,"4":1},"f":{"0":2},"b":{"0":[2,1],"1":[2,1]}}
,"/Users/rinwaodejobi/Downloads/revenue-dashboard-1/src/components/Input/Input.tsx": {"path":"/Users/rinwaodejobi/Downloads/revenue-dashboard-1/src/components/Input/Input.tsx","statementMap":{"0":{"start":{"line":1,"column":0},"end":{"line":1,"column":25}},"1":{"start":{"line":2,"column":0},"end":{"line":2,"column":39}},"2":{"start":{"line":10,"column":13},"end":{"line":38,"column":null}},"3":{"start":{"line":12,"column":20},"end":{"line":12,"column":50}},"4":{"start":{"line":14,"column":4},"end":{"line":36,"column":null}},"5":{"start":{"line":40,"column":0},"end":{"line":40,"column":null}}},"fnMap":{"0":{"name":"(anonymous_1)","decl":{"start":{"line":11,"column":2},"end":{"line":11,"column":3}},"loc":{"start":{"line":11,"column":54},"end":{"line":37,"column":3}}}},"branchMap":{"0":{"loc":{"start":{"line":12,"column":20},"end":{"line":12,"column":50}},"type":"binary-expr","locations":[{"start":{"line":12,"column":20},"end":{"line":12,"column":22}},{"start":{"line":12,"column":26},"end":{"line":12,"column":50}}]},"1":{"loc":{"start":{"line":16,"column":9},"end":{"line":19,"column":null}},"type":"binary-expr","locations":[{"start":{"line":16,"column":9},"end":{"line":16,"column":14}},{"start":{"line":17,"column":10},"end":{"line":18,"column":null}}]},"2":{"loc":{"start":{"line":24,"column":40},"end":{"line":24,"column":65}},"type":"cond-expr","locations":[{"start":{"line":24,"column":48},"end":{"line":24,"column":60}},{"start":{"line":24,"column":63},"end":{"line":24,"column":65}}]},"3":{"loc":{"start":{"line":26,"column":28},"end":{"line":26,"column":66}},"type":"cond-expr","locations":[{"start":{"line":26,"column":36},"end":{"line":26,"column":54}},{"start":{"line":26,"column":57},"end":{"line":26,"column":66}}]},"4":{"loc":{"start":{"line":29,"column":9},"end":{"line":32,"column":null}},"type":"binary-expr","locations":[{"start":{"line":29,"column":9},"end":{"line":29,"column":14}},{"start":{"line":30,"column":10},"end":{"line":31,"column":null}}]},"5":{"loc":{"start":{"line":34,"column":9},"end":{"line":34,"column":88}},"type":"binary-expr","locations":[{"start":{"line":34,"column":9},"end":{"line":34,"column":19}},{"start":{"line":34,"column":23},"end":{"line":34,"column":29}},{"start":{"line":34,"column":33},"end":{"line":34,"column":88}}]}},"s":{"0":1,"1":1,"2":1,"3":4,"4":4,"5":1},"f":{"0":4},"b":{"0":[4,4],"1":[4,1],"2":[1,3],"3":[1,3],"4":[4,1],"5":[4,0,0]}}
,"/Users/rinwaodejobi/Downloads/revenue-dashboard-1/src/utils/animations.ts": {"path":"/Users/rinwaodejobi/Downloads/revenue-dashboard-1/src/utils/animations.ts","statementMap":{"0":{"start":{"line":1,"column":13},"end":{"line":6,"column":null}},"1":{"start":{"line":8,"column":13},"end":{"line":11,"column":null}}},"fnMap":{},"branchMap":{},"s":{"0":1,"1":1},"f":{},"b":{}}
,"/Users/rinwaodejobi/Downloads/revenue-dashboard-1/src/utils/format.ts": {"path":"/Users/rinwaodejobi/Downloads/revenue-dashboard-1/src/utils/format.ts","statementMap":{"0":{"start":{"line":1,"column":30},"end":{"line":7,"column":1}},"1":{"start":{"line":2,"column":17},"end":{"line":5,"column":19}},"2":{"start":{"line":6,"column":2},"end":{"line":6,"column":null}},"3":{"start":{"line":1,"column":13},"end":{"line":1,"column":30}},"4":{"start":{"line":9,"column":26},"end":{"line":15,"column":1}},"5":{"start":{"line":10,"column":2},"end":{"line":14,"column":null}},"6":{"start":{"line":9,"column":13},"end":{"line":9,"column":26}},"7":{"start":{"line":17,"column":25},"end":{"line":19,"column":1}},"8":{"start":{"line":18,"column":2},"end":{"line":18,"column":null}},"9":{"start":{"line":17,"column":13},"end":{"line":17,"column":25}},"10":{"start":{"line":21,"column":28},"end":{"line":27,"column":1}},"11":{"start":{"line":22,"column":12},"end":{"line":22,"column":25}},"12":{"start":{"line":23,"column":16},"end":{"line":23,"column":61}},"13":{"start":{"line":24,"column":14},"end":{"line":24,"column":50}},"14":{"start":{"line":25,"column":15},"end":{"line":25,"column":30}},"15":{"start":{"line":26,"column":2},"end":{"line":26,"column":null}},"16":{"start":{"line":21,"column":13},"end":{"line":21,"column":28}}},"fnMap":{"0":{"name":"(anonymous_0)","decl":{"start":{"line":1,"column":30},"end":{"line":1,"column":31}},"loc":{"start":{"line":1,"column":57},"end":{"line":7,"column":1}}},"1":{"name":"(anonymous_1)","decl":{"start":{"line":9,"column":26},"end":{"line":9,"column":27}},"loc":{"start":{"line":9,"column":51},"end":{"line":15,"column":1}}},"2":{"name":"(anonymous_2)","decl":{"start":{"line":17,"column":25},"end":{"line":17,"column":26}},"loc":{"start":{"line":17,"column":54},"end":{"line":19,"column":1}}},"3":{"name":"(anonymous_3)","decl":{"start":{"line":21,"column":28},"end":{"line":21,"column":29}},"loc":{"start":{"line":21,"column":52},"end":{"line":27,"column":1}}}},"branchMap":{},"s":{"0":1,"1":3,"2":3,"3":1,"4":1,"5":1,"6":1,"7":1,"8":0,"9":1,"10":1,"11":0,"12":0,"13":0,"14":0,"15":0,"16":1},"f":{"0":3,"1":1,"2":0,"3":0},"b":{}}
}
