TN:
SF:src/components/Button/Button.tsx
FN:14,(anonymous_1)
FNF:1
FNH:1
FNDA:4,(anonymous_1)
DA:1,1
DA:2,1
DA:3,1
DA:4,1
DA:13,1
DA:15,4
DA:47,1
LF:7
LH:7
BRDA:14,0,0,3
BRDA:14,1,0,4
BRDA:14,2,0,4
BRDA:27,3,0,4
BRDA:27,3,1,4
BRDA:30,4,0,0
BRDA:30,4,1,4
BRF:7
BRH:6
end_of_record
TN:
SF:src/components/Card/Card.tsx
FN:11,(anonymous_1)
FNF:1
FNH:1
FNDA:2,(anonymous_1)
DA:1,1
DA:2,1
DA:10,1
DA:12,2
DA:20,1
LF:5
LH:5
BRDA:13,0,0,2
BRDA:13,0,1,1
BRDA:14,1,0,2
BRDA:14,1,1,1
BRF:4
BRH:4
end_of_record
TN:
SF:src/components/Input/Input.tsx
FN:11,(anonymous_1)
FNF:1
FNH:1
FNDA:4,(anonymous_1)
DA:1,1
DA:2,1
DA:10,1
DA:12,4
DA:14,4
DA:40,1
LF:6
LH:6
BRDA:12,0,0,4
BRDA:12,0,1,4
BRDA:16,1,0,4
BRDA:16,1,1,1
BRDA:24,2,0,1
BRDA:24,2,1,3
BRDA:26,3,0,1
BRDA:26,3,1,3
BRDA:29,4,0,4
BRDA:29,4,1,1
BRDA:34,5,0,4
BRDA:34,5,1,0
BRDA:34,5,2,0
BRF:13
BRH:11
end_of_record
TN:
SF:src/utils/animations.ts
FNF:0
FNH:0
DA:1,1
DA:8,1
LF:2
LH:2
BRF:0
BRH:0
end_of_record
TN:
SF:src/utils/format.ts
FN:1,(anonymous_0)
FN:9,(anonymous_1)
FN:17,(anonymous_2)
FN:21,(anonymous_3)
FNF:4
FNH:2
FNDA:3,(anonymous_0)
FNDA:1,(anonymous_1)
FNDA:0,(anonymous_2)
FNDA:0,(anonymous_3)
DA:1,1
DA:2,3
DA:6,3
DA:9,1
DA:10,1
DA:17,1
DA:18,0
DA:21,1
DA:22,0
DA:23,0
DA:24,0
DA:25,0
DA:26,0
LF:13
LH:7
BRF:0
BRH:0
end_of_record
